[ 2024-12-10 14:50:54,954 ] 28 root - INFO - Data ingestion method Started
[ 2024-12-10 14:50:55,139 ] 31 root - INFO - Dataset read as pandas Dataframe
[ 2024-12-10 14:50:56,072 ] 37 root - INFO - Train Test Split Initiated
[ 2024-12-10 14:50:57,205 ] 43 root - INFO - Ingestion of Data is completed
[ 2024-12-10 14:50:57,381 ] 80 root - INFO - Read train and test data completed
[ 2024-12-10 14:50:57,393 ] 81 root - INFO - Train Dataframe Head : 
       id  carat      cut color clarity  depth  table     x     y     z  price
0   83475   0.32  Premium     E     SI1   61.6   58.0  4.38  4.41  2.71    614
1  160324   1.20  Premium     F     VS2   62.6   57.0  6.81  6.76  4.25   7002
2  101740   1.50    Ideal     I     VS2   62.2   55.0  7.30  7.26  4.53   9347
3  180341   1.67  Premium     I     SI2   61.9   59.0  7.65  7.61  4.71   8525
4   48480   1.00     Good     H     VS2   63.7   60.0  6.34  6.30  4.02   5217
[ 2024-12-10 14:50:57,397 ] 82 root - INFO - Test Dataframe Head  : 
       id  carat        cut color clarity  depth  table     x     y     z  price
0   14868   0.50      Ideal     D     SI1   62.1   57.0  5.05  5.08  3.14   1355
1  165613   2.00  Very Good     G     SI2   59.5   57.0  8.08  8.15  4.89  14691
2   96727   0.27    Premium     E    VVS1   60.5   59.0  4.19  4.16  2.52    844
3  145593   0.32    Premium     I    VVS1   61.2   59.0  4.43  4.44  2.71    707
4  118689   1.19      Ideal     H     SI1   62.5   56.0  6.77  6.81  4.23   5797
[ 2024-12-10 14:50:57,397 ] 84 root - INFO - Obtaining preprocessing object
[ 2024-12-10 14:50:57,397 ] 57 root - INFO - Categorical Columns : ['cut', 'color', 'clarity']
[ 2024-12-10 14:50:57,397 ] 58 root - INFO - Numerical Columns   : ['carat', 'depth', 'table', 'x', 'y', 'z']
[ 2024-12-10 14:50:57,413 ] 97 root - INFO - Applying preprocessing object on training and testing datasets.
[ 2024-12-10 14:50:57,784 ] 111 root - INFO - Preprocessor pickle file saved
[ 2024-12-10 14:50:57,789 ] 38 root - INFO - Splitting Dependent and Independent variables from train and test data
[ 2024-12-10 14:53:03,223 ] 63 root - INFO - Model Report : {'Linear Regression': 0.9372975155452951, 'Lasso': 0.9372637996466201, 'Ridge': 0.9372968620700979, 'K-Neighbors Regressor': 0.9721137904520102, 'Decision Tree': 0.9571032380912418, 'Random Forest Regressor': 0.9771520845917283, 'XGBRegressor': 0.9787904894720847, 'CatBoosting Regressor': 0.9791856803920621, 'GradientBoosting Regressor': 0.9761298119531985, 'AdaBoost Regressor': 0.8454265986510573}
[ 2024-12-10 14:53:03,224 ] 78 root - INFO - Best Model Found , Model Name : CatBoosting Regressor , R2 Score : 0.9791856803920621
[ 2024-12-10 14:53:03,225 ] 79 root - INFO - Hyperparameter tuning started for catboost
[ 2024-12-10 14:56:13,430 ] 103 root - INFO - Hyperparameter tuning complete for Catboost
[ 2024-12-10 14:56:13,431 ] 105 root - INFO - Hyperparameter tuning started for KNN
[ 2024-12-10 14:59:00,451 ] 125 root - INFO - Hyperparameter tuning Complete for KNN
[ 2024-12-10 14:59:00,451 ] 127 root - INFO - Voting Regressor model training started
[ 2024-12-10 14:59:43,647 ] 134 root - INFO - Voting Regressor Training Completed
[ 2024-12-10 14:59:43,794 ] 140 root - INFO - Model pickle file saved
[ 2024-12-10 14:59:49,176 ] 145 root - INFO - Test MAE : 293.61520598527113
[ 2024-12-10 14:59:49,176 ] 146 root - INFO - Test RMSE : 574.6066187797436
[ 2024-12-10 14:59:49,176 ] 147 root - INFO - Test R2 Score : 0.9795679804904529
[ 2024-12-10 14:59:49,176 ] 148 root - INFO - Final Model Training Completed
